# JRE version: Java(TM) SE Runtime Environment (17.0.5+9) (build 17.0.5+9-LTS-191)
# Java VM: Java HotSpot(TM) 64-Bit Server VM (17.0.5+9-LTS-191, mixed mode, sharing, tiered, compressed oops, compressed class ptrs, g1 gc, windows-amd64)
GC Precious Log:
 CPUs: 8 total, 8 available
 Memory: 16182M
 Large Page Support: Disabled
 NUMA Support: Disabled
 Compressed Oops: Enabled (Zero based)
 Heap Region Size: 2M
 Heap Min Capacity: 8M
 Heap Initial Capacity: 254M
 Heap Max Capacity: 4046M
 Pre-touch: Disabled
 Parallel Workers: 8
 Concurrent Workers: 2
 Concurrent Refinement Workers: 8
 Periodic GC: Disabled
Heap:
 garbage-first heap   total 536576K, used 335369K [0x0000000703200000, 0x0000000800000000)
  region size 2048K, 34 young (69632K), 7 survivors (14336K)
 Metaspace       used 62207K, committed 62720K, reserved 1105920K
  class space    used 8434K, committed 8640K, reserved 1048576K
GC Heap History (20 events):
Event: 25.405 GC heap before
{Heap before GC invocations=19 (full 0):
 garbage-first heap   total 137216K, used 101897K [0x0000000703200000, 0x0000000800000000)
  region size 2048K, 6 young (12288K), 1 survivors (2048K)
 Metaspace       used 61823K, committed 62336K, reserved 1105920K
  class space    used 8404K, committed 8640K, reserved 1048576K
}
Event: 25.408 GC heap after
{Heap after GC invocations=20 (full 0):
 garbage-first heap   total 268288K, used 92226K [0x0000000703200000, 0x0000000800000000)
  region size 2048K, 1 young (2048K), 1 survivors (2048K)
 Metaspace       used 61823K, committed 62336K, reserved 1105920K
  class space    used 8404K, committed 8640K, reserved 1048576K
}
Event: 76.632 GC heap before
{Heap before GC invocations=21 (full 0):
 garbage-first heap   total 268288K, used 127042K [0x0000000703200000, 0x0000000800000000)
  region size 2048K, 19 young (38912K), 1 survivors (2048K)
 Metaspace       used 62184K, committed 62656K, reserved 1105920K
  class space    used 8434K, committed 8640K, reserved 1048576K
}
Event: 76.633 GC heap after
{Heap after GC invocations=22 (full 0):
 garbage-first heap   total 268288K, used 92872K [0x0000000703200000, 0x0000000800000000)
  region size 2048K, 1 young (2048K), 1 survivors (2048K)
 Metaspace       used 62184K, committed 62656K, reserved 1105920K
  class space    used 8434K, committed 8640K, reserved 1048576K
}
Event: 76.818 GC heap before
{Heap before GC invocations=22 (full 0):
 garbage-first heap   total 268288K, used 176840K [0x0000000703200000, 0x0000000800000000)
  region size 2048K, 27 young (55296K), 1 survivors (2048K)
 Metaspace       used 62199K, committed 62720K, reserved 1105920K
  class space    used 8434K, committed 8640K, reserved 1048576K
}
Event: 76.830 GC heap after
{Heap after GC invocations=23 (full 0):
 garbage-first heap   total 268288K, used 145274K [0x0000000703200000, 0x0000000800000000)
  region size 2048K, 4 young (8192K), 4 survivors (8192K)
 Metaspace       used 62199K, committed 62720K, reserved 1105920K
  class space    used 8434K, committed 8640K, reserved 1048576K
}
Event: 76.854 GC heap before
{Heap before GC invocations=23 (full 0):
 garbage-first heap   total 268288K, used 175994K [0x0000000703200000, 0x0000000800000000)
  region size 2048K, 20 young (40960K), 4 survivors (8192K)
 Metaspace       used 62199K, committed 62720K, reserved 1105920K
  class space    used 8434K, committed 8640K, reserved 1048576K
}
Event: 76.863 GC heap after
{Heap after GC invocations=24 (full 0):
 garbage-first heap   total 268288K, used 167809K [0x0000000703200000, 0x0000000800000000)
  region size 2048K, 3 young (6144K), 3 survivors (6144K)
 Metaspace       used 62199K, committed 62720K, reserved 1105920K
  class space    used 8434K, committed 8640K, reserved 1048576K
}
Event: 76.893 GC heap before
{Heap before GC invocations=24 (full 0):
 garbage-first heap   total 268288K, used 192385K [0x0000000703200000, 0x0000000800000000)
  region size 2048K, 15 young (30720K), 3 survivors (6144K)
 Metaspace       used 62199K, committed 62720K, reserved 1105920K
  class space    used 8434K, committed 8640K, reserved 1048576K
}
Event: 76.900 GC heap after
{Heap after GC invocations=25 (full 0):
 garbage-first heap   total 268288K, used 180276K [0x0000000703200000, 0x0000000800000000)
  region size 2048K, 2 young (4096K), 2 survivors (4096K)
 Metaspace       used 62199K, committed 62720K, reserved 1105920K
  class space    used 8434K, committed 8640K, reserved 1048576K
}
Event: 76.933 GC heap before
{Heap before GC invocations=25 (full 0):
 garbage-first heap   total 268288K, used 151604K [0x0000000703200000, 0x0000000800000000)
  region size 2048K, 12 young (24576K), 2 survivors (4096K)
 Metaspace       used 62199K, committed 62720K, reserved 1105920K
  class space    used 8434K, committed 8640K, reserved 1048576K
}
Event: 76.938 GC heap after
{Heap after GC invocations=26 (full 0):
 garbage-first heap   total 268288K, used 142530K [0x0000000703200000, 0x0000000800000000)
  region size 2048K, 2 young (4096K), 2 survivors (4096K)
 Metaspace       used 62199K, committed 62720K, reserved 1105920K
  class space    used 8434K, committed 8640K, reserved 1048576K
}
Event: 77.006 GC heap before
{Heap before GC invocations=27 (full 0):
 garbage-first heap   total 268288K, used 177346K [0x0000000703200000, 0x0000000800000000)
  region size 2048K, 19 young (38912K), 2 survivors (4096K)
 Metaspace       used 62199K, committed 62720K, reserved 1105920K
  class space    used 8434K, committed 8640K, reserved 1048576K
}
Event: 77.014 GC heap after
{Heap after GC invocations=28 (full 0):
 garbage-first heap   total 536576K, used 161289K [0x0000000703200000, 0x0000000800000000)
  region size 2048K, 3 young (6144K), 3 survivors (6144K)
 Metaspace       used 62199K, committed 62720K, reserved 1105920K
  class space    used 8434K, committed 8640K, reserved 1048576K
}
Event: 77.079 GC heap before
{Heap before GC invocations=28 (full 0):
 garbage-first heap   total 536576K, used 181769K [0x0000000703200000, 0x0000000800000000)
  region size 2048K, 13 young (26624K), 3 survivors (6144K)
 Metaspace       used 62199K, committed 62720K, reserved 1105920K
  class space    used 8434K, committed 8640K, reserved 1048576K
}
Event: 77.085 GC heap after
{Heap after GC invocations=29 (full 0):
 garbage-first heap   total 536576K, used 170542K [0x0000000703200000, 0x0000000800000000)
  region size 2048K, 2 young (4096K), 2 survivors (4096K)
 Metaspace       used 62199K, committed 62720K, reserved 1105920K
  class space    used 8434K, committed 8640K, reserved 1048576K
}
Event: 77.206 GC heap before
{Heap before GC invocations=29 (full 0):
 garbage-first heap   total 536576K, used 289326K [0x0000000703200000, 0x0000000800000000)
  region size 2048K, 60 young (122880K), 2 survivors (4096K)
 Metaspace       used 62199K, committed 62720K, reserved 1105920K
  class space    used 8434K, committed 8640K, reserved 1048576K
}
Event: 77.229 GC heap after
{Heap after GC invocations=30 (full 0):
 garbage-first heap   total 536576K, used 230783K [0x0000000703200000, 0x0000000800000000)
  region size 2048K, 8 young (16384K), 8 survivors (16384K)
 Metaspace       used 62199K, committed 62720K, reserved 1105920K
  class space    used 8434K, committed 8640K, reserved 1048576K
}
Event: 77.304 GC heap before
{Heap before GC invocations=30 (full 0):
 garbage-first heap   total 536576K, used 327039K [0x0000000703200000, 0x0000000800000000)
  region size 2048K, 55 young (112640K), 8 survivors (16384K)
 Metaspace       used 62199K, committed 62720K, reserved 1105920K
  class space    used 8434K, committed 8640K, reserved 1048576K
}
Event: 77.323 GC heap after
{Heap after GC invocations=31 (full 0):
 garbage-first heap   total 536576K, used 282121K [0x0000000703200000, 0x0000000800000000)
  region size 2048K, 7 young (14336K), 7 survivors (14336K)
 Metaspace       used 62199K, committed 62720K, reserved 1105920K
  class space    used 8434K, committed 8640K, reserved 1048576K
}

